<?xml version="1.0" encoding="UTF-8"?>
<!-- Generated by org.testng.reporters.JUnitReportReporter -->
<testsuite hostname="DESKTOP-DGNOP8M" failures="0" tests="1" name="Demo" time="0.007" errors="0" timestamp="2022-03-10T15:22:22 IST" skipped="0">
  <testcase classname="Demo" name="demo" time="0.007"/>
  <system-out/>
</testsuite> <!-- Demo -->
